Using pre-set license
Built from '2020.3/release' branch; Version is '2020.3.7f1 (dd97f2c94397) revision 14522354'; Using compiler version '192528614'; Build Type 'Release'
OS: 'Windows 10 Home Single Language; OS build 19045.3086; Version 2009; 64bit' Language: 'en' Physical Memory: 16339 MB
BatchMode: 1, IsHumanControllingUs: 0, StartBugReporterOnCrash: 0, Is64bit: 1, IsPro: 0

 COMMAND LINE ARGUMENTS:
C:\Program Files\Unity\Hub\Editor\2020.3.7f1\Editor\Unity.exe
-adb2
-batchMode
-noUpm
-name
AssetImportWorker0
-projectPath
D:/GitHub/Data-Persistence-Project
-logFile
Logs/AssetImportWorker0.log
-srvPort
55164
Successfully changed project path to: D:/GitHub/Data-Persistence-Project
D:/GitHub/Data-Persistence-Project
Using Asset Import Pipeline V2.
Refreshing native plugins compatible for Editor in 44.16 ms, found 0 plugins.
Preloading 0 native plugins for Editor in 0.00 ms.
Initialize engine version: 2020.3.7f1 (dd97f2c94397)
[Subsystems] Discovering subsystems at path C:/Program Files/Unity/Hub/Editor/2020.3.7f1/Editor/Data/Resources/UnitySubsystems
[Subsystems] Discovering subsystems at path D:/GitHub/Data-Persistence-Project/Assets
GfxDevice: creating device client; threaded=0
Direct3D:
    Version:  Direct3D 11.0 [level 11.1]
    Renderer: NVIDIA GeForce GTX 1050 Ti (ID=0x1c82)
    Vendor:   
    VRAM:     4017 MB
    Driver:   31.0.15.3623
Shader 'Universal Render Pipeline/Particles/Lit': fallback shader 'Universal Render Pipeline/Particles/SimpleLit' not found
Initialize mono
Mono path[0] = 'C:/Program Files/Unity/Hub/Editor/2020.3.7f1/Editor/Data/Managed'
Mono path[1] = 'C:/Program Files/Unity/Hub/Editor/2020.3.7f1/Editor/Data/MonoBleedingEdge/lib/mono/unityjit'
Mono config path = 'C:/Program Files/Unity/Hub/Editor/2020.3.7f1/Editor/Data/MonoBleedingEdge/etc'
Using monoOptions --debugger-agent=transport=dt_socket,embedding=1,server=y,suspend=n,address=127.0.0.1:56844
Begin MonoManager ReloadAssembly
Registering precompiled unity dll's ...
Register platform support module: C:/Program Files/Unity/Hub/Editor/2020.3.7f1/Editor/Data/PlaybackEngines/WindowsStandaloneSupport/UnityEditor.WindowsStandalone.Extensions.dll
Registered in 0.003109 seconds.
Native extension for WindowsStandalone target not found
Refreshing native plugins compatible for Editor in 47.12 ms, found 0 plugins.
Preloading 0 native plugins for Editor in 0.00 ms.
Mono: successfully reloaded assembly
- Completed reload, in  1.336 seconds
Platform modules already initialized, skipping
Registering precompiled user dll's ...
Registered in 0.002577 seconds.
Begin MonoManager ReloadAssembly
Native extension for WindowsStandalone target not found
Refreshing native plugins compatible for Editor in 58.40 ms, found 0 plugins.
Preloading 0 native plugins for Editor in 0.00 ms.
Mono: successfully reloaded assembly
- Completed reload, in  1.321 seconds
Platform modules already initialized, skipping
========================================================================
Worker process is ready to serve import requests
Shader 'Universal Render Pipeline/Particles/Lit': fallback shader 'Universal Render Pipeline/Particles/SimpleLit' not found
Launched and connected shader compiler UnityShaderCompiler.exe after 0.05 seconds
Refreshing native plugins compatible for Editor in 0.57 ms, found 0 plugins.
Preloading 0 native plugins for Editor in 0.00 ms.
Unloading 2437 Unused Serialized files (Serialized files now loaded: 0)
System memory in use before: 115.9 MB.
System memory in use after: 116.1 MB.

Unloading 10 unused Assets to reduce memory usage. Loaded Objects now: 2879.
Total: 2.448900 ms (FindLiveObjects: 0.264300 ms CreateObjectMapping: 0.439200 ms MarkObjects: 1.677400 ms  DeleteObjects: 0.067100 ms)

========================================================================
Received Import Request.
  path: Assets/Scenes/main.unity
  artifactKey: Guid(78a510c781f19db4da14f78ebb30946a) Importer(815301076,1909f56bfc062723c751e8b465ee728b)
Start importing Assets/Scenes/main.unity using Guid(78a510c781f19db4da14f78ebb30946a) Importer(815301076,1909f56bfc062723c751e8b465ee728b)  -> (artifact id: 'fa84b8268d47b6e22d2f75f77cd00518') in 0.019643 seconds
  Import took 0.024027 seconds .

========================================================================
Received Prepare
Shader 'Universal Render Pipeline/Particles/Lit': fallback shader 'Universal Render Pipeline/Particles/SimpleLit' not found
Refreshing native plugins compatible for Editor in 1.89 ms, found 0 plugins.
Preloading 0 native plugins for Editor in 0.00 ms.
Unloading 3 Unused Serialized files (Serialized files now loaded: 0)
System memory in use before: 61.8 MB.
System memory in use after: 62.0 MB.

Unloading 3 unused Assets to reduce memory usage. Loaded Objects now: 2879.
Total: 3.133500 ms (FindLiveObjects: 0.344800 ms CreateObjectMapping: 0.176000 ms MarkObjects: 2.591900 ms  DeleteObjects: 0.019600 ms)

========================================================================
Received Import Request.
  Time since last request: 129.937194 seconds.
  path: Assets/Scripts/Manager.cs
  artifactKey: Guid(4fe5d725f36fac343a02fd91ea92633f) Importer(815301076,1909f56bfc062723c751e8b465ee728b)
Start importing Assets/Scripts/Manager.cs using Guid(4fe5d725f36fac343a02fd91ea92633f) Importer(815301076,1909f56bfc062723c751e8b465ee728b)  -> (artifact id: '171658bb2fe62a0da207c263c2352bc4') in 0.043915 seconds
  Import took 0.048599 seconds .

========================================================================
Received Import Request.
  Time since last request: 13.668033 seconds.
  path: Assets/Prefabs
  artifactKey: Guid(1718969a30ed8214ba2c14d0c61a34b2) Importer(815301076,1909f56bfc062723c751e8b465ee728b)
Start importing Assets/Prefabs using Guid(1718969a30ed8214ba2c14d0c61a34b2) Importer(815301076,1909f56bfc062723c751e8b465ee728b)  -> (artifact id: 'c9b24eeace361ee664aa65da60f2d873') in 0.010559 seconds
  Import took 0.015546 seconds .

========================================================================
Received Import Request.
  Time since last request: 0.025912 seconds.
  path: Assets/Prefabs/BrickPrefab.prefab
  artifactKey: Guid(63f25b9733d2bcd4fa2ff6de1264c739) Importer(815301076,1909f56bfc062723c751e8b465ee728b)
Start importing Assets/Prefabs/BrickPrefab.prefab using Guid(63f25b9733d2bcd4fa2ff6de1264c739) Importer(815301076,1909f56bfc062723c751e8b465ee728b)  -> (artifact id: 'f53dab379eca8989fd20ba0207039392') in 0.219758 seconds
  Import took 0.224818 seconds .

========================================================================
Received Import Request.
  Time since last request: 3.106607 seconds.
  path: Assets/Scenes/menu.unity
  artifactKey: Guid(e27798a4ce207ec468d88c29cb30101d) Importer(815301076,1909f56bfc062723c751e8b465ee728b)
Start importing Assets/Scenes/menu.unity using Guid(e27798a4ce207ec468d88c29cb30101d) Importer(815301076,1909f56bfc062723c751e8b465ee728b)  -> (artifact id: '555d1597ec58923209effc6284404589') in 0.010642 seconds
  Import took 0.014497 seconds .

========================================================================
Received Import Request.
  Time since last request: 3.884432 seconds.
  path: Assets/Scripts/MainManager.cs
  artifactKey: Guid(d110623a642692246a42fbc2d8d89884) Importer(815301076,1909f56bfc062723c751e8b465ee728b)
Start importing Assets/Scripts/MainManager.cs using Guid(d110623a642692246a42fbc2d8d89884) Importer(815301076,1909f56bfc062723c751e8b465ee728b)  -> (artifact id: '18becbef7ba86d124d42eb13f6386ab7') in 0.014985 seconds
  Import took 0.022256 seconds .

========================================================================
Received Prepare
Registering precompiled user dll's ...
Registered in 0.001553 seconds.
Begin MonoManager ReloadAssembly
Native extension for WindowsStandalone target not found
Refreshing native plugins compatible for Editor in 0.37 ms, found 0 plugins.
Preloading 0 native plugins for Editor in 0.00 ms.
Mono: successfully reloaded assembly
- Completed reload, in  1.206 seconds
Platform modules already initialized, skipping
Shader 'Universal Render Pipeline/Particles/Lit': fallback shader 'Universal Render Pipeline/Particles/SimpleLit' not found
Refreshing native plugins compatible for Editor in 0.37 ms, found 0 plugins.
Preloading 0 native plugins for Editor in 0.00 ms.
Unloading 2315 Unused Serialized files (Serialized files now loaded: 0)
System memory in use before: 113.0 MB.
System memory in use after: 113.2 MB.

Unloading 5 unused Assets to reduce memory usage. Loaded Objects now: 2928.
Total: 2.022600 ms (FindLiveObjects: 0.257300 ms CreateObjectMapping: 0.113100 ms MarkObjects: 1.629900 ms  DeleteObjects: 0.020900 ms)

========================================================================
Received Prepare
Registering precompiled user dll's ...
Registered in 0.001839 seconds.
Begin MonoManager ReloadAssembly
Native extension for WindowsStandalone target not found
Refreshing native plugins compatible for Editor in 0.74 ms, found 0 plugins.
Preloading 0 native plugins for Editor in 0.00 ms.
Mono: successfully reloaded assembly
- Completed reload, in  1.061 seconds
Platform modules already initialized, skipping
Shader 'Universal Render Pipeline/Particles/Lit': fallback shader 'Universal Render Pipeline/Particles/SimpleLit' not found
Refreshing native plugins compatible for Editor in 0.40 ms, found 0 plugins.
Preloading 0 native plugins for Editor in 0.00 ms.
Unloading 2315 Unused Serialized files (Serialized files now loaded: 0)
System memory in use before: 113.0 MB.
System memory in use after: 113.2 MB.

Unloading 5 unused Assets to reduce memory usage. Loaded Objects now: 2931.
Total: 3.029000 ms (FindLiveObjects: 0.309700 ms CreateObjectMapping: 0.178700 ms MarkObjects: 2.514300 ms  DeleteObjects: 0.024200 ms)

========================================================================
Received Import Request.
  Time since last request: 1897.249967 seconds.
  path: Assets/Scenes/main.unity
  artifactKey: Guid(78a510c781f19db4da14f78ebb30946a) Importer(815301076,1909f56bfc062723c751e8b465ee728b)
Start importing Assets/Scenes/main.unity using Guid(78a510c781f19db4da14f78ebb30946a) Importer(815301076,1909f56bfc062723c751e8b465ee728b)  -> (artifact id: 'ae7fba43eea9dcc79e70c226daae72b0') in 0.022237 seconds
  Import took 0.028109 seconds .

========================================================================
Received Import Request.
  Time since last request: 179.031802 seconds.
  path: Assets/Scripts/MenuUIHandler.cs
  artifactKey: Guid(e8905ec69a649f84a98fbde75817eab1) Importer(815301076,1909f56bfc062723c751e8b465ee728b)
Start importing Assets/Scripts/MenuUIHandler.cs using Guid(e8905ec69a649f84a98fbde75817eab1) Importer(815301076,1909f56bfc062723c751e8b465ee728b)  -> (artifact id: '43d1ecab056ec00b5c38d30c7a532d0c') in 0.010790 seconds
  Import took 0.015003 seconds .

========================================================================
Received Prepare
Registering precompiled user dll's ...
Registered in 0.002218 seconds.
Begin MonoManager ReloadAssembly
Native extension for WindowsStandalone target not found
Refreshing native plugins compatible for Editor in 0.37 ms, found 0 plugins.
Preloading 0 native plugins for Editor in 0.00 ms.
Mono: successfully reloaded assembly
- Completed reload, in  1.108 seconds
Platform modules already initialized, skipping
Shader 'Universal Render Pipeline/Particles/Lit': fallback shader 'Universal Render Pipeline/Particles/SimpleLit' not found
Refreshing native plugins compatible for Editor in 0.42 ms, found 0 plugins.
Preloading 0 native plugins for Editor in 0.00 ms.
Unloading 2315 Unused Serialized files (Serialized files now loaded: 0)
System memory in use before: 113.0 MB.
System memory in use after: 113.2 MB.

Unloading 5 unused Assets to reduce memory usage. Loaded Objects now: 2934.
Total: 3.623300 ms (FindLiveObjects: 0.991500 ms CreateObjectMapping: 0.239300 ms MarkObjects: 2.365900 ms  DeleteObjects: 0.025200 ms)

========================================================================
Received Import Request.
  Time since last request: 108.057535 seconds.
  path: Assets/Scenes/menu.unity
  artifactKey: Guid(e27798a4ce207ec468d88c29cb30101d) Importer(815301076,1909f56bfc062723c751e8b465ee728b)
Start importing Assets/Scenes/menu.unity using Guid(e27798a4ce207ec468d88c29cb30101d) Importer(815301076,1909f56bfc062723c751e8b465ee728b)  -> (artifact id: '7bff92a1f3a1fbcf4b1c4115e2607636') in 0.015497 seconds
  Import took 0.019459 seconds .

========================================================================
Received Prepare
Registering precompiled user dll's ...
Registered in 0.002265 seconds.
Begin MonoManager ReloadAssembly
Native extension for WindowsStandalone target not found
Refreshing native plugins compatible for Editor in 0.53 ms, found 0 plugins.
Preloading 0 native plugins for Editor in 0.00 ms.
Mono: successfully reloaded assembly
- Completed reload, in  1.030 seconds
Platform modules already initialized, skipping
Shader 'Universal Render Pipeline/Particles/Lit': fallback shader 'Universal Render Pipeline/Particles/SimpleLit' not found
Refreshing native plugins compatible for Editor in 0.40 ms, found 0 plugins.
Preloading 0 native plugins for Editor in 0.00 ms.
Unloading 2315 Unused Serialized files (Serialized files now loaded: 0)
System memory in use before: 113.0 MB.
System memory in use after: 113.3 MB.

Unloading 5 unused Assets to reduce memory usage. Loaded Objects now: 2937.
Total: 2.834500 ms (FindLiveObjects: 0.472700 ms CreateObjectMapping: 0.166200 ms MarkObjects: 2.177300 ms  DeleteObjects: 0.017000 ms)

========================================================================
Received Prepare
Registering precompiled user dll's ...
Registered in 0.001520 seconds.
Begin MonoManager ReloadAssembly
Native extension for WindowsStandalone target not found
Refreshing native plugins compatible for Editor in 0.52 ms, found 0 plugins.
Preloading 0 native plugins for Editor in 0.00 ms.
Mono: successfully reloaded assembly
- Completed reload, in  1.039 seconds
Platform modules already initialized, skipping
Shader 'Universal Render Pipeline/Particles/Lit': fallback shader 'Universal Render Pipeline/Particles/SimpleLit' not found
Refreshing native plugins compatible for Editor in 0.40 ms, found 0 plugins.
Preloading 0 native plugins for Editor in 0.00 ms.
Unloading 2315 Unused Serialized files (Serialized files now loaded: 0)
System memory in use before: 113.0 MB.
System memory in use after: 113.2 MB.

Unloading 5 unused Assets to reduce memory usage. Loaded Objects now: 2940.
Total: 2.286200 ms (FindLiveObjects: 0.279400 ms CreateObjectMapping: 0.123300 ms MarkObjects: 1.865100 ms  DeleteObjects: 0.017100 ms)

========================================================================
Received Prepare
Registering precompiled user dll's ...
Registered in 0.002433 seconds.
Begin MonoManager ReloadAssembly
Native extension for WindowsStandalone target not found
Refreshing native plugins compatible for Editor in 0.48 ms, found 0 plugins.
Preloading 0 native plugins for Editor in 0.00 ms.
Mono: successfully reloaded assembly
- Completed reload, in  1.116 seconds
Platform modules already initialized, skipping
Shader 'Universal Render Pipeline/Particles/Lit': fallback shader 'Universal Render Pipeline/Particles/SimpleLit' not found
Refreshing native plugins compatible for Editor in 0.38 ms, found 0 plugins.
Preloading 0 native plugins for Editor in 0.00 ms.
Unloading 2315 Unused Serialized files (Serialized files now loaded: 0)
System memory in use before: 113.1 MB.
System memory in use after: 113.3 MB.

Unloading 5 unused Assets to reduce memory usage. Loaded Objects now: 2943.
Total: 2.003600 ms (FindLiveObjects: 0.237500 ms CreateObjectMapping: 0.105200 ms MarkObjects: 1.642200 ms  DeleteObjects: 0.017200 ms)

========================================================================
Received Prepare
Registering precompiled user dll's ...
Registered in 0.001612 seconds.
Begin MonoManager ReloadAssembly
Native extension for WindowsStandalone target not found
Refreshing native plugins compatible for Editor in 0.41 ms, found 0 plugins.
Preloading 0 native plugins for Editor in 0.00 ms.
Mono: successfully reloaded assembly
- Completed reload, in  1.099 seconds
Platform modules already initialized, skipping
Shader 'Universal Render Pipeline/Particles/Lit': fallback shader 'Universal Render Pipeline/Particles/SimpleLit' not found
Refreshing native plugins compatible for Editor in 0.40 ms, found 0 plugins.
Preloading 0 native plugins for Editor in 0.00 ms.
Unloading 2315 Unused Serialized files (Serialized files now loaded: 0)
System memory in use before: 113.1 MB.
System memory in use after: 113.3 MB.

Unloading 5 unused Assets to reduce memory usage. Loaded Objects now: 2946.
Total: 3.021000 ms (FindLiveObjects: 0.469000 ms CreateObjectMapping: 0.132700 ms MarkObjects: 2.397400 ms  DeleteObjects: 0.020600 ms)

========================================================================
Received Prepare
Registering precompiled user dll's ...
Registered in 0.001929 seconds.
Begin MonoManager ReloadAssembly
Native extension for WindowsStandalone target not found
Refreshing native plugins compatible for Editor in 0.41 ms, found 0 plugins.
Preloading 0 native plugins for Editor in 0.00 ms.
Mono: successfully reloaded assembly
- Completed reload, in  1.064 seconds
Platform modules already initialized, skipping
Shader 'Universal Render Pipeline/Particles/Lit': fallback shader 'Universal Render Pipeline/Particles/SimpleLit' not found
Refreshing native plugins compatible for Editor in 0.60 ms, found 0 plugins.
Preloading 0 native plugins for Editor in 0.00 ms.
Unloading 2315 Unused Serialized files (Serialized files now loaded: 0)
System memory in use before: 113.1 MB.
System memory in use after: 113.3 MB.

Unloading 5 unused Assets to reduce memory usage. Loaded Objects now: 2949.
Total: 2.122100 ms (FindLiveObjects: 0.259400 ms CreateObjectMapping: 0.115200 ms MarkObjects: 1.727000 ms  DeleteObjects: 0.019400 ms)

========================================================================
Received Prepare
Registering precompiled user dll's ...
Registered in 0.001689 seconds.
Begin MonoManager ReloadAssembly
Native extension for WindowsStandalone target not found
Refreshing native plugins compatible for Editor in 0.69 ms, found 0 plugins.
Preloading 0 native plugins for Editor in 0.00 ms.
Mono: successfully reloaded assembly
- Completed reload, in  1.209 seconds
Platform modules already initialized, skipping
Shader 'Universal Render Pipeline/Particles/Lit': fallback shader 'Universal Render Pipeline/Particles/SimpleLit' not found
Refreshing native plugins compatible for Editor in 0.38 ms, found 0 plugins.
Preloading 0 native plugins for Editor in 0.00 ms.
Unloading 2315 Unused Serialized files (Serialized files now loaded: 0)
System memory in use before: 113.1 MB.
System memory in use after: 113.3 MB.

Unloading 5 unused Assets to reduce memory usage. Loaded Objects now: 2952.
Total: 2.042800 ms (FindLiveObjects: 0.246200 ms CreateObjectMapping: 0.103200 ms MarkObjects: 1.672400 ms  DeleteObjects: 0.018900 ms)

========================================================================
Received Import Request.
  Time since last request: 971.883125 seconds.
  path: Assets/Scenes/main.unity
  artifactKey: Guid(78a510c781f19db4da14f78ebb30946a) Importer(815301076,1909f56bfc062723c751e8b465ee728b)
Start importing Assets/Scenes/main.unity using Guid(78a510c781f19db4da14f78ebb30946a) Importer(815301076,1909f56bfc062723c751e8b465ee728b)  -> (artifact id: 'fef0c12149c68589f4ac64da4f4be34f') in 0.014953 seconds
  Import took 0.020934 seconds .

AssetImportWorkerClient::OnTransportError - code=2 error=End of file
